<?xml version="1.0" encoding="UTF-8"?>
<testsuite xmlns:xsi="http://www.w3.org/2001/XMLSchema-instance" xsi:noNamespaceSchemaLocation="https://maven.apache.org/surefire/maven-surefire-plugin/xsd/surefire-test-report.xsd" name="example.InvokeTest" time="0.977" tests="1" errors="1" skipped="0" failures="0">
  <properties>
[...]
</properties>
  <testcase name="invokeTest" classname="example.InvokeTest" time="0.033">
    <error message="bucket-name.txt" type="java.nio.file.NoSuchFileException">java.nio.file.NoSuchFileException: bucket-name.txt
	at example.InvokeTest.invokeTest(InvokeTest.java:48)
</error>
  </testcase>
</testsuite>